<?xml version="1.0" encoding="UTF-8"?>
<testng-results ignored="0" total="8" passed="8" failed="0" skipped="0">
  <reporter-output>
  </reporter-output>
  <suite started-at="2021-01-07T02:45:35Z" name="Suite" finished-at="2021-01-07T02:45:57Z" duration-ms="21648">
    <groups>
      <group name="cucumber">
        <method signature="AbstractTestNGCucumberTests.runScenario(io.cucumber.testng.PickleWrapper, io.cucumber.testng.FeatureWrapper)[pri:0, instance:com.automate.withme.Runner.E2e_Runner@32910148]" name="runScenario" class="io.cucumber.testng.AbstractTestNGCucumberTests"/>
        <method signature="AbstractTestNGCucumberTests.runScenario(io.cucumber.testng.PickleWrapper, io.cucumber.testng.FeatureWrapper)[pri:0, instance:com.automate.withme.Runner.E2e_Runner@41c2284a]" name="runScenario" class="io.cucumber.testng.AbstractTestNGCucumberTests"/>
      </group> <!-- cucumber -->
    </groups>
    <test started-at="2021-01-07T02:45:35Z" name="Test_chrome" finished-at="2021-01-07T02:45:47Z" duration-ms="12469">
      <class name="com.automate.withme.Runner.E2e_Runner">
        <test-method is-config="true" signature="beforeTest(java.lang.String)[pri:0, instance:com.automate.withme.Runner.E2e_Runner@32910148]" started-at="2021-01-07T02:45:35Z" name="beforeTest" finished-at="2021-01-07T02:45:39Z" duration-ms="4050" status="PASS">
          <params>
            <param index="0">
              <value>
                <![CDATA[chrome]]>
              </value>
            </param>
          </params>
          <reporter-output>
          </reporter-output>
        </test-method> <!-- beforeTest -->
        <test-method is-config="true" signature="setUpClass()[pri:0, instance:com.automate.withme.Runner.E2e_Runner@32910148]" started-at="2021-01-07T02:45:39Z" name="setUpClass" finished-at="2021-01-07T02:45:40Z" duration-ms="985" status="PASS">
          <reporter-output>
          </reporter-output>
        </test-method> <!-- setUpClass -->
        <test-method signature="runScenario(io.cucumber.testng.PickleWrapper, io.cucumber.testng.FeatureWrapper)[pri:0, instance:com.automate.withme.Runner.E2e_Runner@32910148]" started-at="2021-01-07T02:45:40Z" name="runScenario" description="Runs Cucumber Scenarios" data-provider="scenarios" finished-at="2021-01-07T02:45:43Z" duration-ms="2878" status="PASS">
          <params>
            <param index="0">
              <value>
                <![CDATA["Login to Online Fruits and Veggies"]]>
              </value>
            </param>
            <param index="1">
              <value>
                <![CDATA["Testing Online Fruits and Veggies"]]>
              </value>
            </param>
          </params>
          <reporter-output>
          </reporter-output>
        </test-method> <!-- runScenario -->
        <test-method signature="runScenario(io.cucumber.testng.PickleWrapper, io.cucumber.testng.FeatureWrapper)[pri:0, instance:com.automate.withme.Runner.E2e_Runner@32910148]" started-at="2021-01-07T02:45:43Z" name="runScenario" description="Runs Cucumber Scenarios" data-provider="scenarios" finished-at="2021-01-07T02:45:44Z" duration-ms="1419" status="PASS">
          <params>
            <param index="0">
              <value>
                <![CDATA["Add items into Cart"]]>
              </value>
            </param>
            <param index="1">
              <value>
                <![CDATA["Testing Online Fruits and Veggies"]]>
              </value>
            </param>
          </params>
          <reporter-output>
          </reporter-output>
        </test-method> <!-- runScenario -->
        <test-method signature="runScenario(io.cucumber.testng.PickleWrapper, io.cucumber.testng.FeatureWrapper)[pri:0, instance:com.automate.withme.Runner.E2e_Runner@32910148]" started-at="2021-01-07T02:45:44Z" name="runScenario" description="Runs Cucumber Scenarios" data-provider="scenarios" finished-at="2021-01-07T02:45:46Z" duration-ms="1452" status="PASS">
          <params>
            <param index="0">
              <value>
                <![CDATA["User checkout"]]>
              </value>
            </param>
            <param index="1">
              <value>
                <![CDATA["Testing Online Fruits and Veggies"]]>
              </value>
            </param>
          </params>
          <reporter-output>
          </reporter-output>
        </test-method> <!-- runScenario -->
        <test-method signature="runScenario(io.cucumber.testng.PickleWrapper, io.cucumber.testng.FeatureWrapper)[pri:0, instance:com.automate.withme.Runner.E2e_Runner@32910148]" started-at="2021-01-07T02:45:46Z" name="runScenario" description="Runs Cucumber Scenarios" data-provider="scenarios" finished-at="2021-01-07T02:45:46Z" duration-ms="357" status="PASS">
          <params>
            <param index="0">
              <value>
                <![CDATA["Order placed"]]>
              </value>
            </param>
            <param index="1">
              <value>
                <![CDATA["Testing Online Fruits and Veggies"]]>
              </value>
            </param>
          </params>
          <reporter-output>
          </reporter-output>
        </test-method> <!-- runScenario -->
        <test-method is-config="true" signature="tearDownClass()[pri:0, instance:com.automate.withme.Runner.E2e_Runner@32910148]" started-at="2021-01-07T02:45:46Z" name="tearDownClass" finished-at="2021-01-07T02:45:47Z" duration-ms="596" status="PASS">
          <reporter-output>
          </reporter-output>
        </test-method> <!-- tearDownClass -->
        <test-method is-config="true" signature="afterTest()[pri:0, instance:com.automate.withme.Runner.E2e_Runner@32910148]" started-at="2021-01-07T02:45:47Z" name="afterTest" finished-at="2021-01-07T02:45:47Z" duration-ms="692" status="PASS">
          <reporter-output>
          </reporter-output>
        </test-method> <!-- afterTest -->
      </class> <!-- com.automate.withme.Runner.E2e_Runner -->
    </test> <!-- Test_chrome -->
    <test started-at="2021-01-07T02:45:47Z" name="Test_FF" finished-at="2021-01-07T02:45:57Z" duration-ms="9163">
      <class name="com.automate.withme.Runner.E2e_Runner">
        <test-method is-config="true" signature="beforeTest(java.lang.String)[pri:0, instance:com.automate.withme.Runner.E2e_Runner@41c2284a]" started-at="2021-01-07T02:45:47Z" name="beforeTest" finished-at="2021-01-07T02:45:52Z" duration-ms="4248" status="PASS">
          <params>
            <param index="0">
              <value>
                <![CDATA[FF]]>
              </value>
            </param>
          </params>
          <reporter-output>
          </reporter-output>
        </test-method> <!-- beforeTest -->
        <test-method is-config="true" signature="setUpClass()[pri:0, instance:com.automate.withme.Runner.E2e_Runner@41c2284a]" started-at="2021-01-07T02:45:52Z" name="setUpClass" finished-at="2021-01-07T02:45:52Z" duration-ms="7" status="PASS">
          <reporter-output>
          </reporter-output>
        </test-method> <!-- setUpClass -->
        <test-method signature="runScenario(io.cucumber.testng.PickleWrapper, io.cucumber.testng.FeatureWrapper)[pri:0, instance:com.automate.withme.Runner.E2e_Runner@41c2284a]" started-at="2021-01-07T02:45:52Z" name="runScenario" description="Runs Cucumber Scenarios" data-provider="scenarios" finished-at="2021-01-07T02:45:52Z" duration-ms="724" status="PASS">
          <params>
            <param index="0">
              <value>
                <![CDATA["Login to Online Fruits and Veggies"]]>
              </value>
            </param>
            <param index="1">
              <value>
                <![CDATA["Testing Online Fruits and Veggies"]]>
              </value>
            </param>
          </params>
          <reporter-output>
          </reporter-output>
        </test-method> <!-- runScenario -->
        <test-method signature="runScenario(io.cucumber.testng.PickleWrapper, io.cucumber.testng.FeatureWrapper)[pri:0, instance:com.automate.withme.Runner.E2e_Runner@41c2284a]" started-at="2021-01-07T02:45:52Z" name="runScenario" description="Runs Cucumber Scenarios" data-provider="scenarios" finished-at="2021-01-07T02:45:55Z" duration-ms="2569" status="PASS">
          <params>
            <param index="0">
              <value>
                <![CDATA["Add items into Cart"]]>
              </value>
            </param>
            <param index="1">
              <value>
                <![CDATA["Testing Online Fruits and Veggies"]]>
              </value>
            </param>
          </params>
          <reporter-output>
          </reporter-output>
        </test-method> <!-- runScenario -->
        <test-method signature="runScenario(io.cucumber.testng.PickleWrapper, io.cucumber.testng.FeatureWrapper)[pri:0, instance:com.automate.withme.Runner.E2e_Runner@41c2284a]" started-at="2021-01-07T02:45:55Z" name="runScenario" description="Runs Cucumber Scenarios" data-provider="scenarios" finished-at="2021-01-07T02:45:55Z" duration-ms="297" status="PASS">
          <params>
            <param index="0">
              <value>
                <![CDATA["User checkout"]]>
              </value>
            </param>
            <param index="1">
              <value>
                <![CDATA["Testing Online Fruits and Veggies"]]>
              </value>
            </param>
          </params>
          <reporter-output>
          </reporter-output>
        </test-method> <!-- runScenario -->
        <test-method signature="runScenario(io.cucumber.testng.PickleWrapper, io.cucumber.testng.FeatureWrapper)[pri:0, instance:com.automate.withme.Runner.E2e_Runner@41c2284a]" started-at="2021-01-07T02:45:55Z" name="runScenario" description="Runs Cucumber Scenarios" data-provider="scenarios" finished-at="2021-01-07T02:45:56Z" duration-ms="242" status="PASS">
          <params>
            <param index="0">
              <value>
                <![CDATA["Order placed"]]>
              </value>
            </param>
            <param index="1">
              <value>
                <![CDATA["Testing Online Fruits and Veggies"]]>
              </value>
            </param>
          </params>
          <reporter-output>
          </reporter-output>
        </test-method> <!-- runScenario -->
        <test-method is-config="true" signature="tearDownClass()[pri:0, instance:com.automate.withme.Runner.E2e_Runner@41c2284a]" started-at="2021-01-07T02:45:56Z" name="tearDownClass" finished-at="2021-01-07T02:45:56Z" duration-ms="103" status="PASS">
          <reporter-output>
          </reporter-output>
        </test-method> <!-- tearDownClass -->
        <test-method is-config="true" signature="afterTest()[pri:0, instance:com.automate.withme.Runner.E2e_Runner@41c2284a]" started-at="2021-01-07T02:45:56Z" name="afterTest" finished-at="2021-01-07T02:45:57Z" duration-ms="968" status="PASS">
          <reporter-output>
          </reporter-output>
        </test-method> <!-- afterTest -->
        <test-method is-config="true" signature="aftersuite(java.lang.String, java.lang.String, java.lang.String)[pri:0, instance:com.automate.withme.Runner.E2e_Runner@41c2284a]" started-at="2021-01-07T02:45:57Z" name="aftersuite" finished-at="2021-01-07T02:45:57Z" duration-ms="0" status="PASS">
          <params>
            <param index="0">
              <value>
                <![CDATA[]]>
              </value>
            </param>
            <param index="1">
              <value>
                <![CDATA[]]>
              </value>
            </param>
            <param index="2">
              <value>
                <![CDATA[]]>
              </value>
            </param>
          </params>
          <reporter-output>
          </reporter-output>
        </test-method> <!-- aftersuite -->
      </class> <!-- com.automate.withme.Runner.E2e_Runner -->
    </test> <!-- Test_FF -->
  </suite> <!-- Suite -->
</testng-results>
